Using pre-set license
Built from '2020.3/release' branch; Version is '2020.3.2f1 (8fd9074bf66c) revision 9427207'; Using compiler version '192528614'; Build Type 'Release'
OS: 'Windows 10 Pro; OS build 19043.1110; Version 2009; 64bit' Language: 'en' Physical Memory: 32705 MB
BatchMode: 1, IsHumanControllingUs: 0, StartBugReporterOnCrash: 0, Is64bit: 1, IsPro: 0

 COMMAND LINE ARGUMENTS:
D:\Applicazioni\app\unity\2020.3.2f1\Editor\Unity.exe
-adb2
-batchMode
-noUpm
-name
AssetImportWorker0
-projectPath
D:/GameDev_Langs/Games/Unity/Doodle Jump Clone
-logFile
Logs/AssetImportWorker0.log
-srvPort
55023
Successfully changed project path to: D:/GameDev_Langs/Games/Unity/Doodle Jump Clone
D:/GameDev_Langs/Games/Unity/Doodle Jump Clone
Using Asset Import Pipeline V2.
Refreshing native plugins compatible for Editor in 50.95 ms, found 1 plugins.
Preloading 0 native plugins for Editor in 0.00 ms.
Initialize engine version: 2020.3.2f1 (8fd9074bf66c)
[Subsystems] Discovering subsystems at path D:/Applicazioni/app/unity/2020.3.2f1/Editor/Data/Resources/UnitySubsystems
[Subsystems] Discovering subsystems at path D:/GameDev_Langs/Games/Unity/Doodle Jump Clone/Assets
GfxDevice: creating device client; threaded=0
Direct3D:
    Version:  Direct3D 11.0 [level 11.1]
    Renderer: NVIDIA GeForce RTX 2080 (ID=0x1e87)
    Vendor:   
    VRAM:     8010 MB
    Driver:   30.0.14.7141
Initialize mono
Mono path[0] = 'D:/Applicazioni/app/unity/2020.3.2f1/Editor/Data/Managed'
Mono path[1] = 'D:/Applicazioni/app/unity/2020.3.2f1/Editor/Data/MonoBleedingEdge/lib/mono/unityjit'
Mono config path = 'D:/Applicazioni/app/unity/2020.3.2f1/Editor/Data/MonoBleedingEdge/etc'
Using monoOptions --debugger-agent=transport=dt_socket,embedding=1,server=y,suspend=n,address=127.0.0.1:56548
Begin MonoManager ReloadAssembly
Registering precompiled unity dll's ...
Register platform support module: D:/Applicazioni/app/unity/2020.3.2f1/Editor/Data/PlaybackEngines/WebGLSupport/UnityEditor.WebGL.Extensions.dll
Register platform support module: D:/Applicazioni/app/unity/2020.3.2f1/Editor/Data/PlaybackEngines/WindowsStandaloneSupport/UnityEditor.WindowsStandalone.Extensions.dll
Registered in 0.001354 seconds.
Native extension for WindowsStandalone target not found
Native extension for WebGL target not found
Refreshing native plugins compatible for Editor in 51.33 ms, found 1 plugins.
Preloading 0 native plugins for Editor in 0.00 ms.
Invoked RoslynAnalysisRunner static constructor.
RoslynAnalysisRunner will not be running.
RoslynAnalysisRunner has terminated.
Mono: successfully reloaded assembly
- Completed reload, in  2.288 seconds
Platform modules already initialized, skipping
Registering precompiled user dll's ...
Registered in 0.002462 seconds.
Begin MonoManager ReloadAssembly
Symbol file LoadedFromMemory is not a mono symbol file
Error: Could not load signature of UnityEngine.UIElements.DynamicAtlasSettings:get_activeFilters due to: Could not resolve type with token 0100001a (from typeref, class/assembly UnityEngine.UIElements.DynamicAtlasFilters, UnityEngine.UIElementsModule, Version=1.0.0.0, Culture=neutral, PublicKeyToken=null) assembly:UnityEngine.UIElementsModule, Version=1.0.0.0, Culture=neutral, PublicKeyToken=null type:UnityEngine.UIElements.DynamicAtlasFilters member:(null) signature:<none>

Error: Could not load signature of UnityEditor.UIElements.LiveReloadTrackerCreator:CreateVisualTreeAssetTrackerInstance due to: Could not resolve type with token 01000016 (from typeref, class/assembly UnityEngine.UIElements.ILiveReloadAssetTracker`1, UnityEngine.UIElementsModule, Version=1.0.0.0, Culture=neutral, PublicKeyToken=null) assembly:UnityEngine.UIElementsModule, Version=1.0.0.0, Culture=neutral, PublicKeyToken=null type:UnityEngine.UIElements.ILiveReloadAssetTracker`1 member:(null) signature:<none>

Error: Could not load signature of Unity.UI.Builder.BuilderTextShadow:.ctor due to: Could not resolve type with token 010000e7 (from typeref, class/assembly UnityEngine.UIElements.StyleTextShadow, UnityEngine.UIElementsModule, Version=1.0.0.0, Culture=neutral, PublicKeyToken=null) assembly:UnityEngine.UIElementsModule, Version=1.0.0.0, Culture=neutral, PublicKeyToken=null type:UnityEngine.UIElements.StyleTextShadow member:(null) signature:<none>

The scripted importer 'UIElementsViewImporter' attempted to register file type '.uxml', which is handled by a native Unity importer. Registration rejected.
UnityEngine.StackTraceUtility:ExtractStackTrace ()
UnityEditor.AssetImporters.ScriptedImporter:RegisterScriptedImporters ()

[C:\buildslave\unity\build\Modules/AssetDatabase/Editor/Public/ImporterRegistry.cpp line 245]

The scripted importer 'StyleSheetImporter' attempted to register file type '.uss', which is handled by a native Unity importer. Registration rejected.
UnityEngine.StackTraceUtility:ExtractStackTrace ()
UnityEditor.AssetImporters.ScriptedImporter:RegisterScriptedImporters ()

[C:\buildslave\unity\build\Modules/AssetDatabase/Editor/Public/ImporterRegistry.cpp line 245]

The scripted importer 'ThemeStyleSheetImporter' attempted to register file type '.tss', which is handled by a native Unity importer. Registration rejected.
UnityEngine.StackTraceUtility:ExtractStackTrace ()
UnityEditor.AssetImporters.ScriptedImporter:RegisterScriptedImporters ()

[C:\buildslave\unity\build\Modules/AssetDatabase/Editor/Public/ImporterRegistry.cpp line 245]

ArgumentException: An item with the same key has already been added. Key: UnityEditor.UIElements.EditorAtlasMonitorInjector
Parameter name: key
  at System.Collections.Generic.SortedList`2[TKey,TValue].Add (TKey key, TValue value) [0x00041] in <aa976c2104104b7ca9e1785715722c9d>:0 
  at UnityEditor.AssetPostprocessingInternal.GetTextureProcessorsHashString () [0x000a2] in <d6a6a4b561b9431dbfe2c61f7bf0d405>:0 
UnityEngine.DebugLogHandler:Internal_LogException(Exception, Object)
UnityEngine.DebugLogHandler:LogException(Exception, Object)
UnityEngine.Logger:LogException(Exception, Object)
UnityEngine.Debug:LogException(Exception)
UnityEditor.AssetPostprocessingInternal:GetTextureProcessorsHashString()

Unloading broken assembly Library/ScriptAssemblies/UnityEngine.UIElementsGameObjectsModule.dll, this assembly can cause crashes in the runtime

Unloading broken assembly Library/ScriptAssemblies/UnityEditor.UIElementsGameObjectsModule.dll, this assembly can cause crashes in the runtime

Unloading broken assembly Library/ScriptAssemblies/Unity.UIElements.Text.dll, this assembly can cause crashes in the runtime

Unloading broken assembly Library/ScriptAssemblies/UnityEditor.UIBuilderModule.dll, this assembly can cause crashes in the runtime

Native extension for WindowsStandalone target not found
Native extension for WebGL target not found
Refreshing native plugins compatible for Editor in 49.98 ms, found 1 plugins.
Preloading 0 native plugins for Editor in 0.00 ms.
ASSEMBLY OVERRIDE applied for Unity assembly UnityEngine.UIElementsModule.dll (override path Library/ScriptAssemblies/UnityEngine.UIElementsModule.dll)
ASSEMBLY OVERRIDE applied for Unity assembly UnityEditor.UIElementsModule.dll (override path Library/ScriptAssemblies/UnityEditor.UIElementsModule.dll)
Invoked RoslynAnalysisRunner static constructor.
RoslynAnalysisRunner will not be running.
RoslynAnalysisRunner has terminated.
MissingFieldException: Field 'UnityEngine.UIElements.TextDelegates.ImportDefaultTextSettings' not found.


MissingFieldException: Field 'UnityEngine.UIElements.UIDocument.IsEditorPlaying' not found.


TypeLoadException: Could not resolve type with token 01000016 (from typeref, class/assembly UnityEngine.UIElements.ILiveReloadAssetTracker`1, UnityEngine.UIElementsModule, Version=1.0.0.0, Culture=neutral, PublicKeyToken=null)


UnityException: The MakeClientFunc has already been registered. Registration denied.
  at UnityEngine.UIElements.DragAndDropUtility.RegisterMakeClientFunc (System.Func`1[TResult] makeClient) [0x00017] in <1cdf5c2cc10149169242b9590b7ebb6b>:0 
  at UnityEditor.UIElements.EditorDragAndDrop.RegisterEditorClient () [0x0000a] in <0fdaf67e8e744beea25e77915c19f81b>:0 

ASSEMBLY OVERRIDE applied for Unity assembly UnityEngine.UIElementsModule.dll (override path Library/ScriptAssemblies/UnityEngine.UIElementsModule.dll)
ASSEMBLY OVERRIDE applied for Unity assembly UnityEditor.UIElementsModule.dll (override path Library/ScriptAssemblies/UnityEditor.UIElementsModule.dll)
Mono: successfully reloaded assembly
- Completed reload, in  0.925 seconds
Platform modules already initialized, skipping
========================================================================
Worker process is ready to serve import requests
Launched and connected shader compiler UnityShaderCompiler.exe after 0.09 seconds
Refreshing native plugins compatible for Editor in 0.63 ms, found 1 plugins.
Preloading 0 native plugins for Editor in 0.00 ms.
Unloading 2583 Unused Serialized files (Serialized files now loaded: 0)
System memory in use before: 115.9 MB.
System memory in use after: 115.9 MB.

Unloading 27 unused Assets to reduce memory usage. Loaded Objects now: 3030.
Total: 2.119200 ms (FindLiveObjects: 0.225400 ms CreateObjectMapping: 0.116000 ms MarkObjects: 1.660000 ms  DeleteObjects: 0.116700 ms)

========================================================================
Received Import Request.
  path: Assets/Video/TheWoodenLoft.avi
  artifactKey: Guid(f3c0949d14213fe4aaa605a847eb6cc8) Importer(815301076,1909f56bfc062723c751e8b465ee728b)
Start importing Assets/Video/TheWoodenLoft.avi using Guid(f3c0949d14213fe4aaa605a847eb6cc8) Importer(815301076,1909f56bfc062723c751e8b465ee728b)  -> (artifact id: 'f484c25bc4945fafc9598b21cca3687b') in 0.097687 seconds
  Import took 0.124739 seconds .

AssetImportWorkerClient::OnTransportError - code=2 error=End of file
